[1.511s] DEBUG:colcon:Command line arguments: ['/usr/bin/colcon', 'build', '--symlink-install']
[1.512s] DEBUG:colcon:Parsed command line arguments: Namespace(allow_overriding=[], ament_cmake_args=None, base_paths=['.'], build_base='build', catkin_cmake_args=None, catkin_skip_building_tests=False, cmake_args=None, cmake_clean_cache=False, cmake_clean_first=False, cmake_force_configure=False, cmake_target=None, cmake_target_skip_unavailable=False, continue_on_error=False, event_handlers=None, executor='parallel', ignore_user_meta=False, install_base='install', log_base=None, log_level=None, main=<bound method BuildVerb.main of <colcon_core.verb.build.BuildVerb object at 0xffffb933f220>>, merge_install=False, metas=['./colcon.meta'], packages_above=None, packages_above_and_dependencies=None, packages_above_depth=None, packages_end=None, packages_ignore=None, packages_ignore_regex=None, packages_select=None, packages_select_build_failed=False, packages_select_by_dep=None, packages_select_regex=None, packages_select_test_failures=False, packages_skip=None, packages_skip_build_finished=False, packages_skip_by_dep=None, packages_skip_regex=None, packages_skip_test_passed=False, packages_skip_up_to=None, packages_start=None, packages_up_to=None, packages_up_to_regex=None, parallel_workers=4, paths=None, symlink_install=True, test_result_base=None, verb_extension=<colcon_core.verb.build.BuildVerb object at 0xffffb933f220>, verb_name='build', verb_parser=<colcon_defaults.argument_parser.defaults.DefaultArgumentsDecorator object at 0xffffb933f760>)
[1.638s] Level 1:colcon.colcon_core.package_discovery:discover_packages(colcon_meta) check parameters
[1.639s] Level 1:colcon.colcon_core.package_discovery:discover_packages(recursive) check parameters
[1.639s] Level 1:colcon.colcon_core.package_discovery:discover_packages(ignore) check parameters
[1.639s] Level 1:colcon.colcon_core.package_discovery:discover_packages(path) check parameters
[1.640s] Level 1:colcon.colcon_core.package_discovery:discover_packages(colcon_meta) discover
[1.640s] Level 1:colcon.colcon_core.package_discovery:discover_packages(recursive) discover
[1.640s] INFO:colcon.colcon_core.package_discovery:Crawling recursively for packages in '/home/ubuntu/IMU_GY-85'
[1.641s] Level 1:colcon.colcon_core.package_identification:_identify(.) by extensions ['ignore', 'ignore_ament_install']
[1.642s] Level 1:colcon.colcon_core.package_identification:_identify(.) by extension 'ignore'
[1.643s] Level 1:colcon.colcon_core.package_identification:_identify(.) by extension 'ignore_ament_install'
[1.643s] Level 1:colcon.colcon_core.package_identification:_identify(.) by extensions ['colcon_pkg']
[1.644s] Level 1:colcon.colcon_core.package_identification:_identify(.) by extension 'colcon_pkg'
[1.644s] Level 1:colcon.colcon_core.package_identification:_identify(.) by extensions ['colcon_meta']
[1.645s] Level 1:colcon.colcon_core.package_identification:_identify(.) by extension 'colcon_meta'
[1.645s] Level 1:colcon.colcon_core.package_identification:_identify(.) by extensions ['ros']
[1.646s] Level 1:colcon.colcon_core.package_identification:_identify(.) by extension 'ros'
[1.733s] Level 1:colcon.colcon_core.package_identification:_identify(.) by extensions ['cmake', 'python']
[1.734s] Level 1:colcon.colcon_core.package_identification:_identify(.) by extension 'cmake'
[1.734s] Level 1:colcon.colcon_core.package_identification:_identify(.) by extension 'python'
[1.734s] Level 1:colcon.colcon_core.package_identification:_identify(.) by extensions ['python_setup_py']
[1.734s] Level 1:colcon.colcon_core.package_identification:_identify(.) by extension 'python_setup_py'
[1.735s] Level 1:colcon.colcon_core.package_identification:_identify(build) by extensions ['ignore', 'ignore_ament_install']
[1.735s] Level 1:colcon.colcon_core.package_identification:_identify(build) by extension 'ignore'
[1.736s] Level 1:colcon.colcon_core.package_identification:_identify(build) ignored
[1.736s] Level 1:colcon.colcon_core.package_identification:_identify(install) by extensions ['ignore', 'ignore_ament_install']
[1.737s] Level 1:colcon.colcon_core.package_identification:_identify(install) by extension 'ignore'
[1.737s] Level 1:colcon.colcon_core.package_identification:_identify(install) ignored
[1.738s] Level 1:colcon.colcon_core.package_identification:_identify(log) by extensions ['ignore', 'ignore_ament_install']
[1.738s] Level 1:colcon.colcon_core.package_identification:_identify(log) by extension 'ignore'
[1.738s] Level 1:colcon.colcon_core.package_identification:_identify(log) ignored
[1.739s] Level 1:colcon.colcon_core.package_identification:_identify(src) by extensions ['ignore', 'ignore_ament_install']
[1.739s] Level 1:colcon.colcon_core.package_identification:_identify(src) by extension 'ignore'
[1.739s] Level 1:colcon.colcon_core.package_identification:_identify(src) by extension 'ignore_ament_install'
[1.740s] Level 1:colcon.colcon_core.package_identification:_identify(src) by extensions ['colcon_pkg']
[1.740s] Level 1:colcon.colcon_core.package_identification:_identify(src) by extension 'colcon_pkg'
[1.740s] Level 1:colcon.colcon_core.package_identification:_identify(src) by extensions ['colcon_meta']
[1.740s] Level 1:colcon.colcon_core.package_identification:_identify(src) by extension 'colcon_meta'
[1.740s] Level 1:colcon.colcon_core.package_identification:_identify(src) by extensions ['ros']
[1.740s] Level 1:colcon.colcon_core.package_identification:_identify(src) by extension 'ros'
[1.741s] Level 1:colcon.colcon_core.package_identification:_identify(src) by extensions ['cmake', 'python']
[1.741s] Level 1:colcon.colcon_core.package_identification:_identify(src) by extension 'cmake'
[1.741s] Level 1:colcon.colcon_core.package_identification:_identify(src) by extension 'python'
[1.741s] Level 1:colcon.colcon_core.package_identification:_identify(src) by extensions ['python_setup_py']
[1.741s] Level 1:colcon.colcon_core.package_identification:_identify(src) by extension 'python_setup_py'
[1.742s] Level 1:colcon.colcon_core.package_identification:_identify(src/gy85) by extensions ['ignore', 'ignore_ament_install']
[1.742s] Level 1:colcon.colcon_core.package_identification:_identify(src/gy85) by extension 'ignore'
[1.743s] Level 1:colcon.colcon_core.package_identification:_identify(src/gy85) by extension 'ignore_ament_install'
[1.743s] Level 1:colcon.colcon_core.package_identification:_identify(src/gy85) by extensions ['colcon_pkg']
[1.743s] Level 1:colcon.colcon_core.package_identification:_identify(src/gy85) by extension 'colcon_pkg'
[1.743s] Level 1:colcon.colcon_core.package_identification:_identify(src/gy85) by extensions ['colcon_meta']
[1.743s] Level 1:colcon.colcon_core.package_identification:_identify(src/gy85) by extension 'colcon_meta'
[1.744s] Level 1:colcon.colcon_core.package_identification:_identify(src/gy85) by extensions ['ros']
[1.744s] Level 1:colcon.colcon_core.package_identification:_identify(src/gy85) by extension 'ros'
[1.755s] ERROR:colcon.colcon_core.package_identification:Exception in package identification extension 'ros' in 'src/gy85': 'path'
Traceback (most recent call last):
  File "/usr/lib/python3/dist-packages/colcon_ros/package_identification/ros.py", line 170, in _get_build_type
    return pkg.get_build_type()
  File "/usr/lib/python3/dist-packages/catkin_pkg/package.py", line 167, in get_build_type
    raise InvalidPackage('Only one <build_type> element is permitted.', self.filename)
catkin_pkg.package.InvalidPackage: Error(s) in package 'src/gy85/package.xml':
Only one <build_type> element is permitted.

During handling of the above exception, another exception occurred:

Traceback (most recent call last):
  File "/usr/lib/python3/dist-packages/colcon_core/package_identification/__init__.py", line 142, in _identify
    retval = extension.identify(_reused_descriptor_instance)
  File "/usr/lib/python3/dist-packages/colcon_ros/package_identification/ros.py", line 55, in identify
    pkg, build_type = get_package_with_build_type(str(desc.path))
  File "/usr/lib/python3/dist-packages/colcon_ros/package_identification/ros.py", line 131, in get_package_with_build_type
    build_type = _get_build_type(pkg) if pkg else None
  File "/usr/lib/python3/dist-packages/colcon_ros/package_identification/ros.py", line 173, in _get_build_type
    "ROS package '{pkg.name}' in '{path}' has more than one "
KeyError: 'path'

[1.756s] Level 1:colcon.colcon_core.package_identification:_identify(src/gy85) by extensions ['cmake', 'python']
[1.756s] Level 1:colcon.colcon_core.package_identification:_identify(src/gy85) by extension 'cmake'
[1.762s] Level 1:colcon.colcon_core.package_identification:_identify(src/gy85) by extension 'python'
[1.763s] DEBUG:colcon.colcon_core.package_identification:Package 'src/gy85' with type 'cmake' and name 'gy85'
[1.763s] Level 1:colcon.colcon_core.package_discovery:discover_packages(recursive) using defaults
[1.764s] Level 1:colcon.colcon_core.package_discovery:discover_packages(ignore) discover
[1.764s] Level 1:colcon.colcon_core.package_discovery:discover_packages(ignore) using defaults
[1.764s] Level 1:colcon.colcon_core.package_discovery:discover_packages(path) discover
[1.765s] Level 1:colcon.colcon_core.package_discovery:discover_packages(path) using defaults
[1.856s] Level 1:colcon.colcon_core.package_discovery:discover_packages(prefix_path) check parameters
[1.856s] Level 1:colcon.colcon_core.package_discovery:discover_packages(prefix_path) discover
[1.872s] DEBUG:colcon.colcon_installed_package_information.package_discovery:Found 1 installed packages in /home/ubuntu/IMU_GY-85/install
[1.878s] DEBUG:colcon.colcon_installed_package_information.package_discovery:Found 9 installed packages in /home/ubuntu/ros2_delivFoxy/install
[1.884s] DEBUG:colcon.colcon_installed_package_information.package_discovery:Found 2 installed packages in /home/ubuntu/dev_serial_motor/install
[1.897s] DEBUG:colcon.colcon_installed_package_information.package_discovery:Found 286 installed packages in /opt/ros/foxy
[1.905s] Level 1:colcon.colcon_core.package_discovery:discover_packages(prefix_path) using defaults
[2.260s] Level 5:colcon.colcon_core.verb:set package 'gy85' build argument 'cmake_args' from command line to 'None'
[2.260s] Level 5:colcon.colcon_core.verb:set package 'gy85' build argument 'cmake_target' from command line to 'None'
[2.261s] Level 5:colcon.colcon_core.verb:set package 'gy85' build argument 'cmake_target_skip_unavailable' from command line to 'False'
[2.261s] Level 5:colcon.colcon_core.verb:set package 'gy85' build argument 'cmake_clean_cache' from command line to 'False'
[2.261s] Level 5:colcon.colcon_core.verb:set package 'gy85' build argument 'cmake_clean_first' from command line to 'False'
[2.261s] Level 5:colcon.colcon_core.verb:set package 'gy85' build argument 'cmake_force_configure' from command line to 'False'
[2.261s] Level 5:colcon.colcon_core.verb:set package 'gy85' build argument 'ament_cmake_args' from command line to 'None'
[2.261s] Level 5:colcon.colcon_core.verb:set package 'gy85' build argument 'catkin_cmake_args' from command line to 'None'
[2.261s] Level 5:colcon.colcon_core.verb:set package 'gy85' build argument 'catkin_skip_building_tests' from command line to 'False'
[2.261s] DEBUG:colcon.colcon_core.verb:Building package 'gy85' with the following arguments: {'ament_cmake_args': None, 'build_base': '/home/ubuntu/IMU_GY-85/build/gy85', 'catkin_cmake_args': None, 'catkin_skip_building_tests': False, 'cmake_args': None, 'cmake_clean_cache': False, 'cmake_clean_first': False, 'cmake_force_configure': False, 'cmake_target': None, 'cmake_target_skip_unavailable': False, 'install_base': '/home/ubuntu/IMU_GY-85/install/gy85', 'merge_install': False, 'path': '/home/ubuntu/IMU_GY-85/src/gy85', 'symlink_install': True, 'test_result_base': None}
[2.265s] INFO:colcon.colcon_core.executor:Executing jobs using 'parallel' executor
[2.280s] DEBUG:colcon.colcon_parallel_executor.executor.parallel:run_until_complete
[2.281s] INFO:colcon.colcon_cmake.task.cmake.build:Building CMake package in '/home/ubuntu/IMU_GY-85/src/gy85'
[2.303s] INFO:colcon.colcon_core.plugin_system:Skipping extension 'colcon_core.shell.bat': Not used on non-Windows systems
[2.303s] INFO:colcon.colcon_core.shell:Skip shell extension 'powershell' for command environment: Not usable outside of PowerShell
[2.304s] DEBUG:colcon.colcon_core.shell:Skip shell extension 'dsv' for command environment
[2.373s] DEBUG:colcon.colcon_core.event_handler.log_command:Invoking command in '/home/ubuntu/IMU_GY-85/build/gy85': /usr/bin/cmake --build /home/ubuntu/IMU_GY-85/build/gy85 -- -j4 -l4
[4.165s] DEBUG:colcon.colcon_core.event_handler.log_command:Invoked command in '/home/ubuntu/IMU_GY-85/build/gy85' returned '0': /usr/bin/cmake --build /home/ubuntu/IMU_GY-85/build/gy85 -- -j4 -l4
[4.372s] DEBUG:colcon.colcon_core.event_handler.log_command:Invoking command in '/home/ubuntu/IMU_GY-85/build/gy85': /usr/bin/cmake --install /home/ubuntu/IMU_GY-85/build/gy85
[4.487s] Level 1:colcon.colcon_core.environment:create_environment_scripts_only(gy85)
[4.490s] DEBUG:colcon.colcon_core.event_handler.log_command:Invoked command in '/home/ubuntu/IMU_GY-85/build/gy85' returned '0': /usr/bin/cmake --install /home/ubuntu/IMU_GY-85/build/gy85
[4.516s] Level 1:colcon.colcon_core.environment:checking '/home/ubuntu/IMU_GY-85/install/gy85' for CMake module files
[4.519s] Level 1:colcon.colcon_core.environment:checking '/home/ubuntu/IMU_GY-85/install/gy85' for CMake config files
[4.520s] Level 1:colcon.colcon_core.shell:create_environment_hook('gy85', 'cmake_prefix_path')
[4.527s] INFO:colcon.colcon_core.shell:Creating environment hook '/home/ubuntu/IMU_GY-85/install/gy85/share/gy85/hook/cmake_prefix_path.ps1'
[4.530s] INFO:colcon.colcon_core.shell:Creating environment descriptor '/home/ubuntu/IMU_GY-85/install/gy85/share/gy85/hook/cmake_prefix_path.dsv'
[4.532s] INFO:colcon.colcon_core.shell:Creating environment hook '/home/ubuntu/IMU_GY-85/install/gy85/share/gy85/hook/cmake_prefix_path.sh'
[4.536s] Level 1:colcon.colcon_core.environment:checking '/home/ubuntu/IMU_GY-85/install/gy85/bin'
[4.537s] Level 1:colcon.colcon_core.environment:checking '/home/ubuntu/IMU_GY-85/install/gy85/lib/pkgconfig/gy85.pc'
[4.537s] Level 1:colcon.colcon_core.environment:checking '/home/ubuntu/IMU_GY-85/install/gy85/lib/python3.8/site-packages'
[4.538s] Level 1:colcon.colcon_core.environment:checking '/home/ubuntu/IMU_GY-85/install/gy85/bin'
[4.545s] INFO:colcon.colcon_core.shell:Creating package script '/home/ubuntu/IMU_GY-85/install/gy85/share/gy85/package.ps1'
[4.548s] INFO:colcon.colcon_core.shell:Creating package descriptor '/home/ubuntu/IMU_GY-85/install/gy85/share/gy85/package.dsv'
[4.551s] INFO:colcon.colcon_core.shell:Creating package script '/home/ubuntu/IMU_GY-85/install/gy85/share/gy85/package.sh'
[4.554s] INFO:colcon.colcon_core.shell:Creating package script '/home/ubuntu/IMU_GY-85/install/gy85/share/gy85/package.bash'
[4.557s] INFO:colcon.colcon_core.shell:Creating package script '/home/ubuntu/IMU_GY-85/install/gy85/share/gy85/package.zsh'
[4.561s] Level 1:colcon.colcon_core.environment:create_file_with_runtime_dependencies(/home/ubuntu/IMU_GY-85/install/gy85/share/colcon-core/packages/gy85)
[4.563s] DEBUG:colcon.colcon_parallel_executor.executor.parallel:closing loop
[4.565s] DEBUG:colcon.colcon_parallel_executor.executor.parallel:loop closed
[4.566s] DEBUG:colcon.colcon_parallel_executor.executor.parallel:run_until_complete finished with '0'
[4.566s] DEBUG:colcon.colcon_core.event_reactor:joining thread
[4.603s] INFO:colcon.colcon_core.plugin_system:Skipping extension 'colcon_notification.desktop_notification.terminal_notifier': Not used on non-Darwin systems
[4.603s] INFO:colcon.colcon_core.plugin_system:Skipping extension 'colcon_notification.desktop_notification.win32': Not used on non-Windows systems
[4.604s] INFO:colcon.colcon_notification.desktop_notification:Sending desktop notification using 'notify2'
[4.658s] DEBUG:colcon.colcon_core.event_reactor:joined thread
[4.668s] INFO:colcon.colcon_core.shell:Creating prefix script '/home/ubuntu/IMU_GY-85/install/local_setup.ps1'
[4.673s] INFO:colcon.colcon_core.shell:Creating prefix util module '/home/ubuntu/IMU_GY-85/install/_local_setup_util_ps1.py'
[4.679s] INFO:colcon.colcon_core.shell:Creating prefix chain script '/home/ubuntu/IMU_GY-85/install/setup.ps1'
[4.688s] INFO:colcon.colcon_core.shell:Creating prefix script '/home/ubuntu/IMU_GY-85/install/local_setup.sh'
[4.691s] INFO:colcon.colcon_core.shell:Creating prefix util module '/home/ubuntu/IMU_GY-85/install/_local_setup_util_sh.py'
[4.693s] INFO:colcon.colcon_core.shell:Creating prefix chain script '/home/ubuntu/IMU_GY-85/install/setup.sh'
[4.702s] INFO:colcon.colcon_core.shell:Creating prefix script '/home/ubuntu/IMU_GY-85/install/local_setup.bash'
[4.705s] INFO:colcon.colcon_core.shell:Creating prefix chain script '/home/ubuntu/IMU_GY-85/install/setup.bash'
[4.714s] INFO:colcon.colcon_core.shell:Creating prefix script '/home/ubuntu/IMU_GY-85/install/local_setup.zsh'
[4.716s] INFO:colcon.colcon_core.shell:Creating prefix chain script '/home/ubuntu/IMU_GY-85/install/setup.zsh'
